<?xml version="1.0" encoding="UTF-8"?>
<testsuite name="com.phonebook.tests.LoginTests" tests="1" skipped="0" failures="0" errors="0" timestamp="2023-06-28T16:31:26" hostname="DESKTOP-RK4J23M" time="0.619">
  <properties/>
  <testcase name="loginPositiveTest" classname="com.phonebook.tests.LoginTests" time="0.619"/>
  <system-out><![CDATA[19:31:26.758 [Test worker] INFO  com.phonebook.tests.TestBase -- Start test loginPositiveTest with data: []
19:31:27.386 [Test worker] INFO  com.phonebook.tests.TestBase -- PASSED: loginPositiveTest
19:31:27.386 [Test worker] INFO  com.phonebook.tests.TestBase -- ===========================
]]></system-out>
  <system-err><![CDATA[]]></system-err>
</testsuite>
