<?xml version="1.0" encoding="UTF-8"?>
<testsuite name="com.phonebook.tests.CreateAccountTests" tests="1" skipped="0" failures="0" errors="0" timestamp="2023-06-28T16:31:25" hostname="DESKTOP-RK4J23M" time="1.336">
  <properties/>
  <testcase name="existedUserRegistrationNegativeTest" classname="com.phonebook.tests.CreateAccountTests" time="1.336"/>
  <system-out><![CDATA[19:31:25.411 [Test worker] INFO  com.phonebook.tests.TestBase -- Start test existedUserRegistrationNegativeTest with data: []
19:31:26.757 [Test worker] INFO  com.phonebook.tests.TestBase -- PASSED: existedUserRegistrationNegativeTest
19:31:26.757 [Test worker] INFO  com.phonebook.tests.TestBase -- ===========================
]]></system-out>
  <system-err><![CDATA[]]></system-err>
</testsuite>
