<?xml version="1.0" encoding="UTF-8"?>
<testsuite name="com.phonebook.tests.RemoveContactTests" tests="1" skipped="0" failures="0" errors="0" timestamp="2023-06-28T16:32:24" hostname="DESKTOP-RK4J23M" time="2.717">
  <properties/>
  <testcase name="removeContactTest" classname="com.phonebook.tests.RemoveContactTests" time="2.717"/>
  <system-out><![CDATA[19:32:13.093 [Test worker] INFO  com.phonebook.tests.TestBase -- Start test removeContactTest with data: []
19:32:26.926 [Test worker] INFO  com.phonebook.tests.TestBase -- PASSED: removeContactTest
19:32:26.926 [Test worker] INFO  com.phonebook.tests.TestBase -- ===========================
]]></system-out>
  <system-err><![CDATA[]]></system-err>
</testsuite>
